<?xml version="1.0" encoding="UTF-8"?>
<!-- Generated by org.testng.reporters.JUnitReportReporter -->
<testsuite hostname="LAPTOP-BBH01RQH" failures="0" tests="1" name="maven2.test2" time="2.515" errors="0" timestamp="2020-07-28T07:08:30 CDT" skipped="0">
  <testcase classname="maven2.test2" name="Test1" time="2.515"/>
  <system-out/>
</testsuite> <!-- maven2.test2 -->
